Arguments: 
  D:\Software\nodejs\node.exe D:\Software\yarn\bin\yarn.js add -D chai-spies

PATH: 
  D:\Software\cmder\vendor\git-for-windows\mingw64\bin;D:\Software\cmder\vendor\git-for-windows\usr\bin;C:\Users\DELL\bin;D:\饥人谷\vue-gulu-ui\node_modules\.bin;C:\Windows\system32;C:\Windows;C:\Windows\System32\Wbem;C:\Windows\System32\WindowsPowerShell\v1.0;C:\Program Files (x86)\NVIDIA Corporation\PhysX\Common;C:\Program Files\NVIDIA Corporation\NVIDIA NvDLISR;C:\WINDOWS\system32;C:\WINDOWS;C:\WINDOWS\System32\Wbem;C:\WINDOWS\System32\WindowsPowerShell\v1.0;C:\WINDOWS\System32\OpenSSH;D:\Software\nodejs;C:\Users\DELL\Desktop;D:\Software\nodejs;C:\Program Files\Git\cmd;D:\Software\yarn\bin;C:\Users\DELL\AppData\Local\Microsoft\WindowsApps;D:\Microsoft VS Code\bin;C:\Users\Fang\AppData\Local\Programs\Microsoft VS Code\bin;C:\Users\DELL\AppData\Roaming\npm;D:\webstormpojie\WebStorm 2020.1\bin;C:\Users\DELL\AppData\Local\Yarn\bin

Yarn version: 
  1.22.5

Node version: 
  14.15.3

Platform: 
  win32 x64

Trace: 
  Error: EPERM: operation not permitted, unlink 'D:\饥人谷\vue-gulu-ui\node_modules\deasync\bin\win32-x64-node-14\deasync.node'

npm manifest: 
  {
    "name": "gulu",
    "version": "0.0.1",
    "description": "这是一个UI框架",
    "main": "index.js",
    "scripts": {
      "test": "echo \"Error: no test specified\" && exit 1"
    },
    "repository": {
      "type": "git",
      "url": "git+https://github.com/CuiLei-document/vue-gulu-ui.git"
    },
    "keywords": [
      "vue",
      "ui"
    ],
    "author": "cuilei",
    "license": "MIT",
    "bugs": {
      "url": "https://github.com/CuiLei-document/vue-gulu-ui/issues"
    },
    "homepage": "https://github.com/CuiLei-document/vue-gulu-ui#readme",
    "dependencies": {
      "vue": "^2.6.12",
      "vue-hot-reload-api": "^2.3.4"
    },
    "devDependencies": {
      "@vue/component-compiler-utils": "^3.2.0",
      "chai": "^4.3.4",
      "parcel-bundler": "^1.12.5",
      "sass": "^1.34.0",
      "vue-template-compiler": "^2.6.12"
    },
    "alias": {
      "vue": "./node_modules/vue/dist/vue.common.js"
    }
  }

yarn manifest: 
  No manifest

Lockfile: 
  No lockfile
